{"numFailedTestSuites":1,"numFailedTests":3,"numPassedTestSuites":0,"numPassedTests":5,"numPendingTestSuites":0,"numPendingTests":0,"numRuntimeErrorTestSuites":0,"numTodoTests":0,"numTotalTestSuites":1,"numTotalTests":8,"openHandles":[],"snapshot":{"added":0,"didUpdate":false,"failure":false,"filesAdded":0,"filesRemoved":0,"filesRemovedList":[],"filesUnmatched":0,"filesUpdated":0,"matched":0,"total":0,"unchecked":0,"uncheckedKeysByFile":[],"unmatched":0,"updated":0},"startTime":1765314015453,"success":false,"testResults":[{"assertionResults":[{"ancestorTitles":["AuthService"],"duration":17,"failureDetails":[],"failureMessages":[],"fullName":"AuthService should be defined","invocations":1,"location":null,"numPassingAsserts":1,"retryReasons":[],"status":"passed","title":"should be defined"},{"ancestorTitles":["AuthService","register"],"duration":26,"failureDetails":[],"failureMessages":[],"fullName":"AuthService register should throw ConflictException if user already exists","invocations":1,"location":null,"numPassingAsserts":1,"retryReasons":[],"status":"passed","title":"should throw ConflictException if user already exists"},{"ancestorTitles":["AuthService","register"],"duration":3,"failureDetails":[{}],"failureMessages":["TypeError: Cannot redefine property: hash\n    at Function.defineProperty (<anonymous>)\n    at ModuleMocker.spyOn (C:\\Users\\callz\\OneDrive\\Documents\\My Projects\\SynologyDrive\\Websites\\Caregiver\\backend\\node_modules\\jest-mock\\build\\index.js:776:16)\n    at Object.<anonymous> (C:\\Users\\callz\\OneDrive\\Documents\\My Projects\\SynologyDrive\\Websites\\Caregiver\\backend\\src\\auth\\auth.service.spec.ts:91:18)\n    at Promise.then.completed (C:\\Users\\callz\\OneDrive\\Documents\\My Projects\\SynologyDrive\\Websites\\Caregiver\\backend\\node_modules\\jest-circus\\build\\utils.js:298:28)\n    at new Promise (<anonymous>)\n    at callAsyncCircusFn (C:\\Users\\callz\\OneDrive\\Documents\\My Projects\\SynologyDrive\\Websites\\Caregiver\\backend\\node_modules\\jest-circus\\build\\utils.js:231:10)\n    at _callCircusTest (C:\\Users\\callz\\OneDrive\\Documents\\My Projects\\SynologyDrive\\Websites\\Caregiver\\backend\\node_modules\\jest-circus\\build\\run.js:316:40)\n    at _runTest (C:\\Users\\callz\\OneDrive\\Documents\\My Projects\\SynologyDrive\\Websites\\Caregiver\\backend\\node_modules\\jest-circus\\build\\run.js:252:3)\n    at _runTestsForDescribeBlock (C:\\Users\\callz\\OneDrive\\Documents\\My Projects\\SynologyDrive\\Websites\\Caregiver\\backend\\node_modules\\jest-circus\\build\\run.js:126:9)\n    at _runTestsForDescribeBlock (C:\\Users\\callz\\OneDrive\\Documents\\My Projects\\SynologyDrive\\Websites\\Caregiver\\backend\\node_modules\\jest-circus\\build\\run.js:121:9)\n    at _runTestsForDescribeBlock (C:\\Users\\callz\\OneDrive\\Documents\\My Projects\\SynologyDrive\\Websites\\Caregiver\\backend\\node_modules\\jest-circus\\build\\run.js:121:9)\n    at run (C:\\Users\\callz\\OneDrive\\Documents\\My Projects\\SynologyDrive\\Websites\\Caregiver\\backend\\node_modules\\jest-circus\\build\\run.js:71:3)\n    at runAndTransformResultsToJestFormat (C:\\Users\\callz\\OneDrive\\Documents\\My Projects\\SynologyDrive\\Websites\\Caregiver\\backend\\node_modules\\jest-circus\\build\\legacy-code-todo-rewrite\\jestAdapterInit.js:122:21)\n    at jestAdapter (C:\\Users\\callz\\OneDrive\\Documents\\My Projects\\SynologyDrive\\Websites\\Caregiver\\backend\\node_modules\\jest-circus\\build\\legacy-code-todo-rewrite\\jestAdapter.js:79:19)\n    at runTestInternal (C:\\Users\\callz\\OneDrive\\Documents\\My Projects\\SynologyDrive\\Websites\\Caregiver\\backend\\node_modules\\jest-runner\\build\\runTest.js:367:16)\n    at runTest (C:\\Users\\callz\\OneDrive\\Documents\\My Projects\\SynologyDrive\\Websites\\Caregiver\\backend\\node_modules\\jest-runner\\build\\runTest.js:444:34)"],"fullName":"AuthService register should generate OTP and return success message","invocations":1,"location":null,"numPassingAsserts":0,"retryReasons":[],"status":"failed","title":"should generate OTP and return success message"},{"ancestorTitles":["AuthService","verifyOtp"],"duration":3,"failureDetails":[],"failureMessages":[],"fullName":"AuthService verifyOtp should throw BadRequestException if OTP is invalid","invocations":1,"location":null,"numPassingAsserts":1,"retryReasons":[],"status":"passed","title":"should throw BadRequestException if OTP is invalid"},{"ancestorTitles":["AuthService","verifyOtp"],"duration":4,"failureDetails":[],"failureMessages":[],"fullName":"AuthService verifyOtp should create user and return tokens if OTP is valid","invocations":1,"location":null,"numPassingAsserts":2,"retryReasons":[],"status":"passed","title":"should create user and return tokens if OTP is valid"},{"ancestorTitles":["AuthService","login"],"duration":3,"failureDetails":[],"failureMessages":[],"fullName":"AuthService login should throw UnauthorizedException if user not found","invocations":1,"location":null,"numPassingAsserts":1,"retryReasons":[],"status":"passed","title":"should throw UnauthorizedException if user not found"},{"ancestorTitles":["AuthService","login"],"duration":1,"failureDetails":[{}],"failureMessages":["TypeError: Cannot redefine property: compare\n    at Function.defineProperty (<anonymous>)\n    at ModuleMocker.spyOn (C:\\Users\\callz\\OneDrive\\Documents\\My Projects\\SynologyDrive\\Websites\\Caregiver\\backend\\node_modules\\jest-mock\\build\\index.js:776:16)\n    at Object.<anonymous> (C:\\Users\\callz\\OneDrive\\Documents\\My Projects\\SynologyDrive\\Websites\\Caregiver\\backend\\src\\auth\\auth.service.spec.ts:163:18)\n    at Promise.then.completed (C:\\Users\\callz\\OneDrive\\Documents\\My Projects\\SynologyDrive\\Websites\\Caregiver\\backend\\node_modules\\jest-circus\\build\\utils.js:298:28)\n    at new Promise (<anonymous>)\n    at callAsyncCircusFn (C:\\Users\\callz\\OneDrive\\Documents\\My Projects\\SynologyDrive\\Websites\\Caregiver\\backend\\node_modules\\jest-circus\\build\\utils.js:231:10)\n    at _callCircusTest (C:\\Users\\callz\\OneDrive\\Documents\\My Projects\\SynologyDrive\\Websites\\Caregiver\\backend\\node_modules\\jest-circus\\build\\run.js:316:40)\n    at _runTest (C:\\Users\\callz\\OneDrive\\Documents\\My Projects\\SynologyDrive\\Websites\\Caregiver\\backend\\node_modules\\jest-circus\\build\\run.js:252:3)\n    at _runTestsForDescribeBlock (C:\\Users\\callz\\OneDrive\\Documents\\My Projects\\SynologyDrive\\Websites\\Caregiver\\backend\\node_modules\\jest-circus\\build\\run.js:126:9)\n    at _runTestsForDescribeBlock (C:\\Users\\callz\\OneDrive\\Documents\\My Projects\\SynologyDrive\\Websites\\Caregiver\\backend\\node_modules\\jest-circus\\build\\run.js:121:9)\n    at _runTestsForDescribeBlock (C:\\Users\\callz\\OneDrive\\Documents\\My Projects\\SynologyDrive\\Websites\\Caregiver\\backend\\node_modules\\jest-circus\\build\\run.js:121:9)\n    at run (C:\\Users\\callz\\OneDrive\\Documents\\My Projects\\SynologyDrive\\Websites\\Caregiver\\backend\\node_modules\\jest-circus\\build\\run.js:71:3)\n    at runAndTransformResultsToJestFormat (C:\\Users\\callz\\OneDrive\\Documents\\My Projects\\SynologyDrive\\Websites\\Caregiver\\backend\\node_modules\\jest-circus\\build\\legacy-code-todo-rewrite\\jestAdapterInit.js:122:21)\n    at jestAdapter (C:\\Users\\callz\\OneDrive\\Documents\\My Projects\\SynologyDrive\\Websites\\Caregiver\\backend\\node_modules\\jest-circus\\build\\legacy-code-todo-rewrite\\jestAdapter.js:79:19)\n    at runTestInternal (C:\\Users\\callz\\OneDrive\\Documents\\My Projects\\SynologyDrive\\Websites\\Caregiver\\backend\\node_modules\\jest-runner\\build\\runTest.js:367:16)\n    at runTest (C:\\Users\\callz\\OneDrive\\Documents\\My Projects\\SynologyDrive\\Websites\\Caregiver\\backend\\node_modules\\jest-runner\\build\\runTest.js:444:34)"],"fullName":"AuthService login should throw UnauthorizedException if password invalid","invocations":1,"location":null,"numPassingAsserts":0,"retryReasons":[],"status":"failed","title":"should throw UnauthorizedException if password invalid"},{"ancestorTitles":["AuthService","login"],"duration":3,"failureDetails":[{}],"failureMessages":["TypeError: Cannot redefine property: compare\n    at Function.defineProperty (<anonymous>)\n    at ModuleMocker.spyOn (C:\\Users\\callz\\OneDrive\\Documents\\My Projects\\SynologyDrive\\Websites\\Caregiver\\backend\\node_modules\\jest-mock\\build\\index.js:776:16)\n    at Object.<anonymous> (C:\\Users\\callz\\OneDrive\\Documents\\My Projects\\SynologyDrive\\Websites\\Caregiver\\backend\\src\\auth\\auth.service.spec.ts:170:18)\n    at Promise.then.completed (C:\\Users\\callz\\OneDrive\\Documents\\My Projects\\SynologyDrive\\Websites\\Caregiver\\backend\\node_modules\\jest-circus\\build\\utils.js:298:28)\n    at new Promise (<anonymous>)\n    at callAsyncCircusFn (C:\\Users\\callz\\OneDrive\\Documents\\My Projects\\SynologyDrive\\Websites\\Caregiver\\backend\\node_modules\\jest-circus\\build\\utils.js:231:10)\n    at _callCircusTest (C:\\Users\\callz\\OneDrive\\Documents\\My Projects\\SynologyDrive\\Websites\\Caregiver\\backend\\node_modules\\jest-circus\\build\\run.js:316:40)\n    at _runTest (C:\\Users\\callz\\OneDrive\\Documents\\My Projects\\SynologyDrive\\Websites\\Caregiver\\backend\\node_modules\\jest-circus\\build\\run.js:252:3)\n    at _runTestsForDescribeBlock (C:\\Users\\callz\\OneDrive\\Documents\\My Projects\\SynologyDrive\\Websites\\Caregiver\\backend\\node_modules\\jest-circus\\build\\run.js:126:9)\n    at _runTestsForDescribeBlock (C:\\Users\\callz\\OneDrive\\Documents\\My Projects\\SynologyDrive\\Websites\\Caregiver\\backend\\node_modules\\jest-circus\\build\\run.js:121:9)\n    at _runTestsForDescribeBlock (C:\\Users\\callz\\OneDrive\\Documents\\My Projects\\SynologyDrive\\Websites\\Caregiver\\backend\\node_modules\\jest-circus\\build\\run.js:121:9)\n    at run (C:\\Users\\callz\\OneDrive\\Documents\\My Projects\\SynologyDrive\\Websites\\Caregiver\\backend\\node_modules\\jest-circus\\build\\run.js:71:3)\n    at runAndTransformResultsToJestFormat (C:\\Users\\callz\\OneDrive\\Documents\\My Projects\\SynologyDrive\\Websites\\Caregiver\\backend\\node_modules\\jest-circus\\build\\legacy-code-todo-rewrite\\jestAdapterInit.js:122:21)\n    at jestAdapter (C:\\Users\\callz\\OneDrive\\Documents\\My Projects\\SynologyDrive\\Websites\\Caregiver\\backend\\node_modules\\jest-circus\\build\\legacy-code-todo-rewrite\\jestAdapter.js:79:19)\n    at runTestInternal (C:\\Users\\callz\\OneDrive\\Documents\\My Projects\\SynologyDrive\\Websites\\Caregiver\\backend\\node_modules\\jest-runner\\build\\runTest.js:367:16)\n    at runTest (C:\\Users\\callz\\OneDrive\\Documents\\My Projects\\SynologyDrive\\Websites\\Caregiver\\backend\\node_modules\\jest-runner\\build\\runTest.js:444:34)"],"fullName":"AuthService login should return tokens if login successful","invocations":1,"location":null,"numPassingAsserts":0,"retryReasons":[],"status":"failed","title":"should return tokens if login successful"}],"endTime":1765314018567,"message":"\u001b[1m\u001b[31m  \u001b[1m● \u001b[22m\u001b[1mAuthService › register › should generate OTP and return success message\u001b[39m\u001b[22m\n\n    TypeError: Cannot redefine property: hash\n        at Function.defineProperty (<anonymous>)\n\u001b[2m\u001b[22m\n\u001b[2m    \u001b[0m \u001b[90m 89 |\u001b[39m         it(\u001b[32m'should generate OTP and return success message'\u001b[39m\u001b[33m,\u001b[39m \u001b[36masync\u001b[39m () \u001b[33m=>\u001b[39m {\u001b[22m\n\u001b[2m     \u001b[90m 90 |\u001b[39m             (prisma\u001b[33m.\u001b[39musers\u001b[33m.\u001b[39mfindUnique \u001b[36mas\u001b[39m jest\u001b[33m.\u001b[39m\u001b[33mMock\u001b[39m)\u001b[33m.\u001b[39mmockResolvedValue(\u001b[36mnull\u001b[39m)\u001b[33m;\u001b[39m\u001b[22m\n\u001b[2m    \u001b[31m\u001b[1m>\u001b[22m\u001b[2m\u001b[39m\u001b[90m 91 |\u001b[39m             jest\u001b[33m.\u001b[39mspyOn(bcrypt\u001b[33m,\u001b[39m \u001b[32m'hash'\u001b[39m)\u001b[33m.\u001b[39mmockImplementation(() \u001b[33m=>\u001b[39m \u001b[33mPromise\u001b[39m\u001b[33m.\u001b[39mresolve(\u001b[32m'hashed_pw'\u001b[39m))\u001b[33m;\u001b[39m\u001b[22m\n\u001b[2m     \u001b[90m    |\u001b[39m                  \u001b[31m\u001b[1m^\u001b[22m\u001b[2m\u001b[39m\u001b[22m\n\u001b[2m     \u001b[90m 92 |\u001b[39m\u001b[22m\n\u001b[2m     \u001b[90m 93 |\u001b[39m             \u001b[36mconst\u001b[39m result \u001b[33m=\u001b[39m \u001b[36mawait\u001b[39m service\u001b[33m.\u001b[39mregister(registerDto)\u001b[33m;\u001b[39m\u001b[22m\n\u001b[2m     \u001b[90m 94 |\u001b[39m\u001b[0m\u001b[22m\n\u001b[2m\u001b[22m\n\u001b[2m      \u001b[2mat ModuleMocker.spyOn (\u001b[22m\u001b[2m../node_modules/jest-mock/build/index.js\u001b[2m:776:16)\u001b[22m\u001b[2m\u001b[22m\n\u001b[2m      \u001b[2mat Object.<anonymous> (\u001b[22m\u001b[2m\u001b[0m\u001b[36mauth/auth.service.spec.ts\u001b[39m\u001b[0m\u001b[2m:91:18)\u001b[22m\u001b[2m\u001b[22m\n\n\u001b[1m\u001b[31m  \u001b[1m● \u001b[22m\u001b[1mAuthService › login › should throw UnauthorizedException if password invalid\u001b[39m\u001b[22m\n\n    TypeError: Cannot redefine property: compare\n        at Function.defineProperty (<anonymous>)\n\u001b[2m\u001b[22m\n\u001b[2m    \u001b[0m \u001b[90m 161 |\u001b[39m         it(\u001b[32m'should throw UnauthorizedException if password invalid'\u001b[39m\u001b[33m,\u001b[39m \u001b[36masync\u001b[39m () \u001b[33m=>\u001b[39m {\u001b[22m\n\u001b[2m     \u001b[90m 162 |\u001b[39m             (prisma\u001b[33m.\u001b[39musers\u001b[33m.\u001b[39mfindUnique \u001b[36mas\u001b[39m jest\u001b[33m.\u001b[39m\u001b[33mMock\u001b[39m)\u001b[33m.\u001b[39mmockResolvedValue(mockUser)\u001b[33m;\u001b[39m\u001b[22m\n\u001b[2m    \u001b[31m\u001b[1m>\u001b[22m\u001b[2m\u001b[39m\u001b[90m 163 |\u001b[39m             jest\u001b[33m.\u001b[39mspyOn(bcrypt\u001b[33m,\u001b[39m \u001b[32m'compare'\u001b[39m)\u001b[33m.\u001b[39mmockImplementation(() \u001b[33m=>\u001b[39m \u001b[33mPromise\u001b[39m\u001b[33m.\u001b[39mresolve(\u001b[36mfalse\u001b[39m))\u001b[33m;\u001b[39m\u001b[22m\n\u001b[2m     \u001b[90m     |\u001b[39m                  \u001b[31m\u001b[1m^\u001b[22m\u001b[2m\u001b[39m\u001b[22m\n\u001b[2m     \u001b[90m 164 |\u001b[39m\u001b[22m\n\u001b[2m     \u001b[90m 165 |\u001b[39m             \u001b[36mawait\u001b[39m expect(service\u001b[33m.\u001b[39mlogin(loginDto))\u001b[33m.\u001b[39mrejects\u001b[33m.\u001b[39mtoThrow(\u001b[33mUnauthorizedException\u001b[39m)\u001b[33m;\u001b[39m\u001b[22m\n\u001b[2m     \u001b[90m 166 |\u001b[39m         })\u001b[33m;\u001b[39m\u001b[0m\u001b[22m\n\u001b[2m\u001b[22m\n\u001b[2m      \u001b[2mat ModuleMocker.spyOn (\u001b[22m\u001b[2m../node_modules/jest-mock/build/index.js\u001b[2m:776:16)\u001b[22m\u001b[2m\u001b[22m\n\u001b[2m      \u001b[2mat Object.<anonymous> (\u001b[22m\u001b[2m\u001b[0m\u001b[36mauth/auth.service.spec.ts\u001b[39m\u001b[0m\u001b[2m:163:18)\u001b[22m\u001b[2m\u001b[22m\n\n\u001b[1m\u001b[31m  \u001b[1m● \u001b[22m\u001b[1mAuthService › login › should return tokens if login successful\u001b[39m\u001b[22m\n\n    TypeError: Cannot redefine property: compare\n        at Function.defineProperty (<anonymous>)\n\u001b[2m\u001b[22m\n\u001b[2m    \u001b[0m \u001b[90m 168 |\u001b[39m         it(\u001b[32m'should return tokens if login successful'\u001b[39m\u001b[33m,\u001b[39m \u001b[36masync\u001b[39m () \u001b[33m=>\u001b[39m {\u001b[22m\n\u001b[2m     \u001b[90m 169 |\u001b[39m             (prisma\u001b[33m.\u001b[39musers\u001b[33m.\u001b[39mfindUnique \u001b[36mas\u001b[39m jest\u001b[33m.\u001b[39m\u001b[33mMock\u001b[39m)\u001b[33m.\u001b[39mmockResolvedValue(mockUser)\u001b[33m;\u001b[39m\u001b[22m\n\u001b[2m    \u001b[31m\u001b[1m>\u001b[22m\u001b[2m\u001b[39m\u001b[90m 170 |\u001b[39m             jest\u001b[33m.\u001b[39mspyOn(bcrypt\u001b[33m,\u001b[39m \u001b[32m'compare'\u001b[39m)\u001b[33m.\u001b[39mmockImplementation(() \u001b[33m=>\u001b[39m \u001b[33mPromise\u001b[39m\u001b[33m.\u001b[39mresolve(\u001b[36mtrue\u001b[39m))\u001b[33m;\u001b[39m\u001b[22m\n\u001b[2m     \u001b[90m     |\u001b[39m                  \u001b[31m\u001b[1m^\u001b[22m\u001b[2m\u001b[39m\u001b[22m\n\u001b[2m     \u001b[90m 171 |\u001b[39m\u001b[22m\n\u001b[2m     \u001b[90m 172 |\u001b[39m             \u001b[36mconst\u001b[39m result \u001b[33m=\u001b[39m \u001b[36mawait\u001b[39m service\u001b[33m.\u001b[39mlogin(loginDto) \u001b[36mas\u001b[39m any\u001b[33m;\u001b[39m\u001b[22m\n\u001b[2m     \u001b[90m 173 |\u001b[39m\u001b[0m\u001b[22m\n\u001b[2m\u001b[22m\n\u001b[2m      \u001b[2mat ModuleMocker.spyOn (\u001b[22m\u001b[2m../node_modules/jest-mock/build/index.js\u001b[2m:776:16)\u001b[22m\u001b[2m\u001b[22m\n\u001b[2m      \u001b[2mat Object.<anonymous> (\u001b[22m\u001b[2m\u001b[0m\u001b[36mauth/auth.service.spec.ts\u001b[39m\u001b[0m\u001b[2m:170:18)\u001b[22m\u001b[2m\u001b[22m\n","name":"C:\\Users\\callz\\OneDrive\\Documents\\My Projects\\SynologyDrive\\Websites\\Caregiver\\backend\\src\\auth\\auth.service.spec.ts","startTime":1765314016264,"status":"failed","summary":""}],"wasInterrupted":false}
